{
  "RSpec": {
    "coverage": {
      "/Users/raf/Projects/Week10/rose_test_ruby/spec/gilded_rose_spec.rb": {
        "lines": [
          null,
          1,
          null,
          1,
          null,
          1,
          null,
          1,
          1,
          1,
          1,
          null,
          null,
          1,
          1,
          1,
          1,
          null,
          null,
          1,
          1,
          1,
          1,
          null,
          null,
          1,
          1,
          1,
          1,
          null,
          null,
          1,
          1,
          1,
          1,
          null,
          null,
          1,
          1,
          1,
          1,
          null,
          null,
          1,
          1,
          1,
          1,
          null,
          null,
          1,
          1,
          1,
          1,
          null,
          null,
          1,
          1,
          1,
          1,
          null,
          null,
          1,
          1,
          1,
          1,
          null,
          null,
          1,
          1,
          1,
          1,
          null,
          null,
          1,
          1,
          1,
          1,
          null,
          null,
          1,
          1,
          1,
          1,
          null,
          null,
          null,
          null,
          null
        ]
      },
      "/Users/raf/Projects/Week10/rose_test_ruby/lib/gilded_rose.rb": {
        "lines": [
          1,
          null,
          1,
          13,
          null,
          null,
          1,
          null,
          null,
          13,
          null,
          13,
          3,
          null,
          null,
          13,
          6,
          6,
          2,
          null,
          6,
          null,
          null,
          13,
          7,
          2,
          2,
          2,
          null,
          null,
          5,
          3,
          null,
          null,
          7,
          null,
          null,
          13,
          1,
          null,
          12,
          1,
          null,
          11,
          2,
          2,
          null,
          9,
          5,
          1,
          1,
          4,
          1,
          3,
          2,
          null,
          1,
          null,
          null,
          4,
          1,
          null,
          3,
          null,
          null,
          null,
          null,
          null,
          null,
          1,
          1,
          null,
          1,
          13,
          13,
          13,
          null,
          null,
          1,
          0,
          null,
          null
        ]
      }
    },
    "timestamp": 1617899211
  }
}
